<?xml version="1.0" encoding="UTF-8"?>
<testsuite xmlns:xsi="http://www.w3.org/2001/XMLSchema-instance" xsi:noNamespaceSchemaLocation="https://maven.apache.org/surefire/maven-surefire-plugin/xsd/surefire-test-report.xsd" version="3.0.1" name="com.github.rodger70.hourscsvtotimesheet.MainTest" time="0.084" tests="1" errors="0" skipped="0" failures="0">
  <properties>
[...]
</properties>
  <testcase name="testMain" classname="com.github.rodger70.hourscsvtotimesheet.MainTest" time="0.084">
    <system-out><![CDATA[Processing file: /Users/rodger/Work/csv/hourscsvtotimesheet/target/test-classes/test.csv

MONDAY 3 JUNE,Work,8:43,17:32,0:30,=(D1-C1)-E1,=SUM(F1:F1)
TUESDAY 4 JUNE,Work,8:46,17:00,0:30,=(D2-C2)-E2,=SUM(F2:F2)
WEDNESDAY 5 JUNE,Work,9:00,15:15,0:30,=(D3-C3)-E3
WEDNESDAY 5 JUNE,Train,15:15,16:36,0:30,=(D4-C4)-E4,=SUM(F3:F4)
THURSDAY 6 JUNE,Work,7:00,20:07,0:30,=(D5-C5)-E5,=SUM(F5:F5)
FRIDAY 7 JUNE,Work,8:53,15:52,0:30,=(D6-C6)-E6,=SUM(F6:F6)
Saturday 8 June,,,,,=(D7-C7)-E7,=SUM(F6:F6)
Sunday 9 June,,,,,=(D8-C8)-E8,=SUM(F6:F7)
MONDAY 10 JUNE,Work,8:47,17:23,0:30,=(D9-C9)-E9,=SUM(F9:F9)
TUESDAY 11 JUNE,Work,7:46,14:37,0:30,=(D10-C10)-E10
TUESDAY 11 JUNE,Train,14:37,16:19,0:30,=(D11-C11)-E11,=SUM(F10:F11)
WEDNESDAY 12 JUNE,Work,9:00,16:57,0:30,=(D12-C12)-E12,=SUM(F12:F12)
THURSDAY 13 JUNE,Work,8:44,17:48,0:30,=(D13-C13)-E13,=SUM(F13:F13)
FRIDAY 14 JUNE,Work,8:48,17:45,0:30,=(D14-C14)-E14,=SUM(F14:F14)
Saturday 15 June,,,,,=(D15-C15)-E15,=SUM(F14:F14)
Sunday 16 June,,,,,=(D16-C16)-E16,=SUM(F14:F15)
MONDAY 17 JUNE,Work,8:48,16:50,0:30,=(D17-C17)-E17,=SUM(F17:F17)
TUESDAY 18 JUNE,Work,8:50,16:47,0:30,=(D18-C18)-E18,=SUM(F18:F18)
WEDNESDAY 19 JUNE,Work,8:49,17:10,0:30,=(D19-C19)-E19,=SUM(F19:F19)
THURSDAY 20 JUNE,Work,8:46,16:39,0:30,=(D20-C20)-E20,=SUM(F20:F20)
FRIDAY 21 JUNE,Work,8:56,16:03,0:30,=(D21-C21)-E21,=SUM(F21:F21)
Saturday 22 June,,,,,=(D22-C22)-E22,=SUM(F21:F21)
Sunday 23 June,,,,,=(D23-C23)-E23,=SUM(F21:F22)
MONDAY 24 JUNE,Work,8:42,17:27,0:30,=(D24-C24)-E24,=SUM(F24:F24)
TUESDAY 25 JUNE,Work,8:54,16:42,0:30,=(D25-C25)-E25,=SUM(F25:F25)
WEDNESDAY 26 JUNE,Work,8:53,8:21,0:30,=(D26-C26)-E26,=SUM(F26:F26)
THURSDAY 27 JUNE,Work,8:53,8:21,0:30,=(D27-C27)-E27
THURSDAY 27 JUNE,Work,8:44,17:24,0:30,=(D28-C28)-E28,=SUM(F27:F28)
FRIDAY 28 JUNE,Work,8:53,8:21,0:30,=(D29-C29)-E29,=SUM(F29:F29)
SATURDAY 29 JUNE,Work,8:53,8:21,0:30,=(D30-C30)-E30,=SUM(F30:F30)
SUNDAY 30 JUNE,Work,8:53,8:21,0:30,=(D31-C31)-E31,=SUM(F31:F31),=SUM(F1:F31)*24
MONDAY 1 JULY,Work,8:39,16:49,0:30,=(D32-C32)-E32,=SUM(F32:F32)
TUESDAY 2 JULY,Work,9:01,17:31,0:30,=(D33-C33)-E33,=SUM(F33:F33)
WEDNESDAY 3 JULY,Work,8:49,17:05,0:30,=(D34-C34)-E34,=SUM(F34:F34)
THURSDAY 4 JULY,Work,8:49,17:28,0:30,=(D35-C35)-E35,=SUM(F35:F35)
FRIDAY 5 JULY,Work,8:42,17:19,0:30,=(D36-C36)-E36,=SUM(F36:F36)
Saturday 6 July,,,,,=(D37-C37)-E37,=SUM(F36:F36)
Sunday 7 July,,,,,=(D38-C38)-E38,=SUM(F36:F37)
MONDAY 8 JULY,Work,8:51,17:25,0:30,=(D39-C39)-E39,=SUM(F39:F39)
TUESDAY 9 JULY,Work,7:38,17:45,0:30,=(D40-C40)-E40,=SUM(F40:F40)
WEDNESDAY 10 JULY,Work,8:43,17:05,0:30,=(D41-C41)-E41,=SUM(F41:F41)
THURSDAY 11 JULY,Work,8:43,17:16,0:30,=(D42-C42)-E42,=SUM(F42:F42)
FRIDAY 12 JULY,Train,6:45,20:00,0:30,=(D43-C43)-E43,=SUM(F43:F43)
Saturday 13 July,,,,,=(D44-C44)-E44,=SUM(F43:F43)
Sunday 14 July,,,,,=(D45-C45)-E45,=SUM(F43:F44)
MONDAY 15 JULY,Work,8:43,17:23,0:30,=(D46-C46)-E46,=SUM(F46:F46)
TUESDAY 16 JULY,Bus,5:51,20:15,0:30,=(D47-C47)-E47,=SUM(F47:F47)
WEDNESDAY 17 JULY,Work,8:56,17:43,0:30,=(D48-C48)-E48
WEDNESDAY 17 JULY,Work,20:36,23:17,0:30,=(D49-C49)-E49,=SUM(F48:F49)
THURSDAY 18 JULY,Work,8:43,17:21,0:30,=(D50-C50)-E50,=SUM(F50:F50)
FRIDAY 19 JULY,Work,8:54,13:02,0:30,=(D51-C51)-E51,=SUM(F51:F51)
Saturday 20 July,,,,,=(D52-C52)-E52,=SUM(F51:F51)
Sunday 21 July,,,,,=(D53-C53)-E53,=SUM(F51:F52)
MONDAY 22 JULY,Work,8:40,17:45,0:30,=(D54-C54)-E54,=SUM(F54:F54)
TUESDAY 23 JULY,Work,8:52,17:26,0:30,=(D55-C55)-E55,=SUM(F55:F55)
WEDNESDAY 24 JULY,Work,8:58,17:09,0:30,=(D56-C56)-E56,=SUM(F56:F56)
THURSDAY 25 JULY,Work,8:41,16:56,0:30,=(D57-C57)-E57,=SUM(F57:F57)
FRIDAY 26 JULY,Work,8:41,17:49,0:30,=(D58-C58)-E58,=SUM(F58:F58)
Saturday 27 July,,,,,=(D59-C59)-E59,=SUM(F58:F58)
Sunday 28 July,,,,,=(D60-C60)-E60,=SUM(F58:F59)
Monday 29 July,,,,,=(D61-C61)-E61,=SUM(F58:F60)
Tuesday 30 July,,,,,=(D62-C62)-E62,=SUM(F58:F61)
Wednesday 31 July,,,,,=(D63-C63)-E63,=SUM(F58:F62)
Thursday 1 August,,,,,=(D64-C64)-E64,=SUM(F58:F63)
Friday 2 August,,,,,=(D65-C65)-E65,=SUM(F58:F64)
Saturday 3 August,,,,,=(D66-C66)-E66,=SUM(F58:F65)
Sunday 4 August,,,,,=(D67-C67)-E67,=SUM(F58:F66)
Monday 5 August,,,,,=(D68-C68)-E68,=SUM(F58:F67)
Tuesday 6 August,,,,,=(D69-C69)-E69,=SUM(F58:F68)
Wednesday 7 August,,,,,=(D70-C70)-E70,=SUM(F58:F69)
Thursday 8 August,,,,,=(D71-C71)-E71,=SUM(F58:F70)
Friday 9 August,,,,,=(D72-C72)-E72,=SUM(F58:F71)
Saturday 10 August,,,,,=(D73-C73)-E73,=SUM(F58:F72)
Sunday 11 August,,,,,=(D74-C74)-E74,=SUM(F58:F73)
Monday 12 August,,,,,=(D75-C75)-E75,=SUM(F58:F74)
Tuesday 13 August,,,,,=(D76-C76)-E76,=SUM(F58:F75)
Wednesday 14 August,,,,,=(D77-C77)-E77,=SUM(F58:F76)
Thursday 15 August,,,,,=(D78-C78)-E78,=SUM(F58:F77)
Friday 16 August,,,,,=(D79-C79)-E79,=SUM(F58:F78)
Saturday 17 August,,,,,=(D80-C80)-E80,=SUM(F58:F79)
Sunday 18 August,,,,,=(D81-C81)-E81,=SUM(F58:F80)
Monday 19 August,,,,,=(D82-C82)-E82,=SUM(F58:F81)
Tuesday 20 August,,,,,=(D83-C83)-E83,=SUM(F58:F82)
Wednesday 21 August,,,,,=(D84-C84)-E84,=SUM(F58:F83)
Thursday 22 August,,,,,=(D85-C85)-E85,=SUM(F58:F84)
Friday 23 August,,,,,=(D86-C86)-E86,=SUM(F58:F85)
Saturday 24 August,,,,,=(D87-C87)-E87,=SUM(F58:F86)
Sunday 25 August,,,,,=(D88-C88)-E88,=SUM(F58:F87)
Monday 26 August,,,,,=(D89-C89)-E89,=SUM(F58:F88)
Tuesday 27 August,,,,,=(D90-C90)-E90,=SUM(F58:F89)
Wednesday 28 August,,,,,=(D91-C91)-E91,=SUM(F58:F90)
Thursday 29 August,,,,,=(D92-C92)-E92,=SUM(F58:F91)
Friday 30 August,,,,,=(D93-C93)-E93,=SUM(F58:F92)
Saturday 31 August,,,,,=(D94-C94)-E94,=SUM(F58:F93)
Sunday 1 September,,,,,=(D95-C95)-E95,=SUM(F58:F94)
MONDAY 2 SEPTEMBER,Work,8:49,17:05,0:30,=(D96-C96)-E96,=SUM(F96:F96)
TUESDAY 3 SEPTEMBER,Work,9:03,17:45,0:30,=(D97-C97)-E97,=SUM(F97:F97)
WEDNESDAY 4 SEPTEMBER,Work,8:59,17:21,0:30,=(D98-C98)-E98,=SUM(F98:F98)
THURSDAY 5 SEPTEMBER,Work,8:53,17:10,0:30,=(D99-C99)-E99,=SUM(F99:F99)
FRIDAY 6 SEPTEMBER,Work,8:53,15:17,0:30,=(D100-C100)-E100,=SUM(F100:F100)
Saturday 7 September,,,,,=(D101-C101)-E101,=SUM(F100:F100)
Sunday 8 September,,,,,=(D102-C102)-E102,=SUM(F100:F101)
MONDAY 9 SEPTEMBER,Work,8:58,17:27,0:30,=(D103-C103)-E103,=SUM(F103:F103)
TUESDAY 10 SEPTEMBER,Work,7:41,17:05,0:30,=(D104-C104)-E104,=SUM(F104:F104)
WEDNESDAY 11 SEPTEMBER,Work,8:56,8:52,0:30,=(D105-C105)-E105,=SUM(F105:F105)
THURSDAY 12 SEPTEMBER,Work,8:56,8:52,0:30,=(D106-C106)-E106
THURSDAY 12 SEPTEMBER,Work,8:52,17:28,0:30,=(D107-C107)-E107,=SUM(F106:F107)
FRIDAY 13 SEPTEMBER,Work,9:47,15:15,0:30,=(D108-C108)-E108
FRIDAY 13 SEPTEMBER,Work,16:23,17:50,0:30,=(D109-C109)-E109,=SUM(F108:F109)
Saturday 14 September,,,,,=(D110-C110)-E110,=SUM(F108:F109)
Sunday 15 September,,,,,=(D111-C111)-E111,=SUM(F108:F110)
MONDAY 16 SEPTEMBER,Work,8:55,17:25,0:30,=(D112-C112)-E112,=SUM(F112:F112)
TUESDAY 17 SEPTEMBER,Work,8:46,17:07,0:30,=(D113-C113)-E113,=SUM(F113:F113)
WEDNESDAY 18 SEPTEMBER,Work,9:00,17:02,0:30,=(D114-C114)-E114
WEDNESDAY 18 SEPTEMBER,Work,20:39,22:15,0:30,=(D115-C115)-E115,=SUM(F114:F115)
THURSDAY 19 SEPTEMBER,Work,8:56,17:30,0:30,=(D116-C116)-E116,=SUM(F116:F116)
Friday 20 September,,,,,=(D117-C117)-E117,=SUM(F116:F116)
Saturday 21 September,,,,,=(D118-C118)-E118,=SUM(F116:F117)
Sunday 22 September,,,,,=(D119-C119)-E119,=SUM(F116:F118)
MONDAY 23 SEPTEMBER,Work,8:54,17:51,0:30,=(D120-C120)-E120,=SUM(F120:F120)
TUESDAY 24 SEPTEMBER,Work,8:55,17:06,0:30,=(D121-C121)-E121,=SUM(F121:F121)
WEDNESDAY 25 SEPTEMBER,Work,8:59,16:31,0:30,=(D122-C122)-E122,=SUM(F122:F122)
THURSDAY 26 SEPTEMBER,Work,8:46,17:11,0:30,=(D123-C123)-E123,=SUM(F123:F123)
Friday 27 September,,,,,=(D124-C124)-E124,=SUM(F123:F123)
Saturday 28 September,,,,,=(D125-C125)-E125,=SUM(F123:F124)
Sunday 29 September,,,,,=(D126-C126)-E126,=SUM(F123:F125)
MONDAY 30 SEPTEMBER,Work,8:44,17:31,0:30,=(D127-C127)-E127,=SUM(F127:F127)
TUESDAY 1 OCTOBER,Work,8:14,16:55,0:30,=(D128-C128)-E128,=SUM(F128:F128)
WEDNESDAY 2 OCTOBER,Work,8:55,16:46,0:30,=(D129-C129)-E129,=SUM(F129:F129)
THURSDAY 3 OCTOBER,Work,10:35,17:37,0:30,=(D130-C130)-E130,=SUM(F130:F130)
FRIDAY 4 OCTOBER,Work,8:43,16:55,0:30,=(D131-C131)-E131,=SUM(F131:F131)
Saturday 5 October,,,,,=(D132-C132)-E132,=SUM(F131:F131)
Sunday 6 October,,,,,=(D133-C133)-E133,=SUM(F131:F132)
MONDAY 7 OCTOBER,Work,8:56,17:18,0:30,=(D134-C134)-E134,=SUM(F134:F134)
TUESDAY 8 OCTOBER,Work,7:43,17:25,0:30,=(D135-C135)-E135,=SUM(F135:F135)
WEDNESDAY 9 OCTOBER,Work,8:50,16:43,0:30,=(D136-C136)-E136,=SUM(F136:F136)
THURSDAY 10 OCTOBER,Work,8:56,17:37,0:30,=(D137-C137)-E137,=SUM(F137:F137)
FRIDAY 11 OCTOBER,Work,8:41,17:04,0:30,=(D138-C138)-E138,=SUM(F138:F138)
Saturday 12 October,,,,,=(D139-C139)-E139,=SUM(F138:F138)
Sunday 13 October,,,,,=(D140-C140)-E140,=SUM(F138:F139)
MONDAY 14 OCTOBER,Work,8:51,17:25,0:30,=(D141-C141)-E141,=SUM(F141:F141)
TUESDAY 15 OCTOBER,Work,8:52,17:54,0:30,=(D142-C142)-E142,=SUM(F142:F142)
WEDNESDAY 16 OCTOBER,Work,9:02,17:00,0:30,=(D143-C143)-E143
WEDNESDAY 16 OCTOBER,Work,20:36,22:45,0:30,=(D144-C144)-E144,=SUM(F143:F144)
Thursday 17 October,,,,,=(D145-C145)-E145,=SUM(F143:F144)
FRIDAY 18 OCTOBER,Work,8:55,17:44,0:30,=(D146-C146)-E146,=SUM(F146:F146)
Saturday 19 October,,,,,=(D147-C147)-E147,=SUM(F146:F146)
Sunday 20 October,,,,,=(D148-C148)-E148,=SUM(F146:F147)
MONDAY 21 OCTOBER,Train,9:00,9:25,0:30,=(D149-C149)-E149
MONDAY 21 OCTOBER,Work,9:25,9:02,0:30,=(D150-C150)-E150,=SUM(F149:F150)
TUESDAY 22 OCTOBER,Work,9:25,9:02,0:30,=(D151-C151)-E151
TUESDAY 22 OCTOBER,Work,9:02,17:08,0:30,=(D152-C152)-E152,=SUM(F151:F152)
WEDNESDAY 23 OCTOBER,Work,8:50,17:21,0:30,=(D153-C153)-E153,=SUM(F153:F153)
THURSDAY 24 OCTOBER,Work,8:46,17:45,0:30,=(D154-C154)-E154,=SUM(F154:F154)
Friday 25 October,,,,,=(D155-C155)-E155,=SUM(F154:F154)
Saturday 26 October,,,,,=(D156-C156)-E156,=SUM(F154:F155)
Sunday 27 October,,,,,=(D157-C157)-E157,=SUM(F154:F156)
MONDAY 28 OCTOBER,Work,10:04,17:00,0:30,=(D158-C158)-E158,=SUM(F158:F158)
TUESDAY 29 OCTOBER,Work,8:51,16:42,0:30,=(D159-C159)-E159,=SUM(F159:F159)
WEDNESDAY 30 OCTOBER,Work,8:56,17:33,0:30,=(D160-C160)-E160,=SUM(F160:F160)
THURSDAY 31 OCTOBER,Work,8:43,17:16,0:30,=(D161-C161)-E161,=SUM(F161:F161)
FRIDAY 1 NOVEMBER,Work,8:44,14:35,0:30,=(D162-C162)-E162,=SUM(F162:F162)
Saturday 2 November,,,,,=(D163-C163)-E163,=SUM(F162:F162)
Sunday 3 November,,,,,=(D164-C164)-E164,=SUM(F162:F163)
MONDAY 4 NOVEMBER,Work,9:57,10:03,0:30,=(D165-C165)-E165
MONDAY 4 NOVEMBER,Work,10:29,10:37,0:30,=(D166-C166)-E166,=SUM(F165:F166)
Tuesday 5 November,,,,,=(D167-C167)-E167,=SUM(F165:F166)
Wednesday 6 November,,,,,=(D168-C168)-E168,=SUM(F165:F167)
Thursday 7 November,,,,,=(D169-C169)-E169,=SUM(F165:F168)
Friday 8 November,,,,,=(D170-C170)-E170,=SUM(F165:F169)
Saturday 9 November,,,,,=(D171-C171)-E171,=SUM(F165:F170)
Sunday 10 November,,,,,=(D172-C172)-E172,=SUM(F165:F171)
MONDAY 11 NOVEMBER,Work,8:53,16:04,0:30,=(D173-C173)-E173,=SUM(F173:F173)
TUESDAY 12 NOVEMBER,Work,8:53,16:20,0:30,=(D174-C174)-E174,=SUM(F174:F174)
WEDNESDAY 13 NOVEMBER,Work,9:04,17:20,0:30,=(D175-C175)-E175,=SUM(F175:F175)
THURSDAY 14 NOVEMBER,Work,9:03,17:26,0:30,=(D176-C176)-E176,=SUM(F176:F176)
FRIDAY 15 NOVEMBER,Work,9:04,16:42,0:30,=(D177-C177)-E177,=SUM(F177:F177)
Saturday 16 November,,,,,=(D178-C178)-E178,=SUM(F177:F177)
Sunday 17 November,,,,,=(D179-C179)-E179,=SUM(F177:F178)
MONDAY 18 NOVEMBER,Work,8:53,16:47,0:30,=(D180-C180)-E180,=SUM(F180:F180)
TUESDAY 19 NOVEMBER,Work,7:54,17:34,0:30,=(D181-C181)-E181,=SUM(F181:F181)
WEDNESDAY 20 NOVEMBER,Work,9:01,16:49,0:30,=(D182-C182)-E182
WEDNESDAY 20 NOVEMBER,Work,20:45,22:39,0:30,=(D183-C183)-E183,=SUM(F182:F183)
THURSDAY 21 NOVEMBER,Work,8:58,17:28,0:30,=(D184-C184)-E184,=SUM(F184:F184)
FRIDAY 22 NOVEMBER,Work,8:59,16:11,0:30,=(D185-C185)-E185,=SUM(F185:F185)
Saturday 23 November,,,,,=(D186-C186)-E186,=SUM(F185:F185)
Sunday 24 November,,,,,=(D187-C187)-E187,=SUM(F185:F186)
MONDAY 25 NOVEMBER,Work,8:57,17:40,0:30,=(D188-C188)-E188,=SUM(F188:F188)
TUESDAY 26 NOVEMBER,Work,8:46,17:27,0:30,=(D189-C189)-E189,=SUM(F189:F189)
WEDNESDAY 27 NOVEMBER,Work,8:59,16:26,0:30,=(D190-C190)-E190,=SUM(F190:F190)
THURSDAY 28 NOVEMBER,Work,8:48,17:31,0:30,=(D191-C191)-E191,=SUM(F191:F191)
Friday 29 November,,,,,=(D192-C192)-E192,=SUM(F191:F191)
Saturday 30 November,,,,,=(D193-C193)-E193,=SUM(F191:F192)
Sunday 1 December,,,,,=(D194-C194)-E194,=SUM(F191:F193)
MONDAY 2 DECEMBER,Work,8:49,12:56,0:30,=(D195-C195)-E195
MONDAY 2 DECEMBER,Work,13:29,14:20,0:30,=(D196-C196)-E196
MONDAY 2 DECEMBER,Work,15:40,17:32,0:30,=(D197-C197)-E197,=SUM(F195:F197)
TUESDAY 3 DECEMBER,Work,8:42,17:07,0:30,=(D198-C198)-E198,=SUM(F198:F198)
WEDNESDAY 4 DECEMBER,Work,9:03,16:47,0:30,=(D199-C199)-E199,=SUM(F199:F199)
THURSDAY 5 DECEMBER,Work,8:52,17:40,0:30,=(D200-C200)-E200,=SUM(F200:F200)
FRIDAY 6 DECEMBER,Work,8:42,16:15,0:30,=(D201-C201)-E201,=SUM(F201:F201)
Saturday 7 December,,,,,=(D202-C202)-E202,=SUM(F201:F201)
Sunday 8 December,,,,,=(D203-C203)-E203,=SUM(F201:F202)
MONDAY 9 DECEMBER,Work,9:04,17:37,0:30,=(D204-C204)-E204,=SUM(F204:F204)
TUESDAY 10 DECEMBER,Work,8:53,15:36,0:30,=(D205-C205)-E205,=SUM(F205:F205)
WEDNESDAY 11 DECEMBER,Work,9:03,16:49,0:30,=(D206-C206)-E206,=SUM(F206:F206)
THURSDAY 12 DECEMBER,Work,8:46,17:14,0:30,=(D207-C207)-E207,=SUM(F207:F207)
FRIDAY 13 DECEMBER,Work,8:56,16:33,0:30,=(D208-C208)-E208,=SUM(F208:F208)
Saturday 14 December,,,,,=(D209-C209)-E209,=SUM(F208:F208)
Sunday 15 December,,,,,=(D210-C210)-E210,=SUM(F208:F209)
MONDAY 16 DECEMBER,Work,8:52,16:49,0:30,=(D211-C211)-E211,=SUM(F211:F211)
TUESDAY 17 DECEMBER,Work,6:30,17:30,0:30,=(D212-C212)-E212,=SUM(F212:F212)
WEDNESDAY 18 DECEMBER,Work,9:00,20:00,0:30,=(D213-C213)-E213,=SUM(F213:F213)
THURSDAY 19 DECEMBER,Work,9:09,11:57,0:30,=(D214-C214)-E214,=SUM(F214:F214)
FRIDAY 20 DECEMBER,Work,8:53,13:09,0:30,=(D215-C215)-E215,=SUM(F215:F215)
THURSDAY 2 JANUARY,Work,13:29,16:59,0:30,=(D216-C216)-E216,=SUM(F216:F216)
FRIDAY 3 JANUARY,Work,13:06,16:55,0:30,=(D217-C217)-E217
FRIDAY 3 JANUARY,Train,16:55,16:59,0:30,=(D218-C218)-E218,=SUM(F217:F218)
Thursday 4 January,,,,,=(D219-C219)-E219,=SUM(F217:F218)
Friday 5 January,,,,,=(D220-C220)-E220,=SUM(F217:F219)
MONDAY 6 JANUARY,Work,8:49,17:19,0:30,=(D221-C221)-E221,=SUM(F221:F221)
TUESDAY 7 JANUARY,Work,8:19,16:55,0:30,=(D222-C222)-E222,=SUM(F222:F222),=SUM(F32:F222)*24
WEDNESDAY 8 JANUARY,Work,8:49,17:41,0:30,=(D223-C223)-E223,=SUM(F223:F223)
THURSDAY 9 JANUARY,Work,8:52,15:57,0:30,=(D224-C224)-E224,=SUM(F224:F224)
FRIDAY 10 JANUARY,Work,8:51,16:57,0:30,=(D225-C225)-E225,=SUM(F225:F225)
Thursday 11 January,,,,,=(D226-C226)-E226,=SUM(F225:F225)
Friday 12 January,,,,,=(D227-C227)-E227,=SUM(F225:F226)
MONDAY 13 JANUARY,Work,8:48,17:13,0:30,=(D228-C228)-E228,=SUM(F228:F228)
TUESDAY 14 JANUARY,Work,9:01,9:48,0:30,=(D229-C229)-E229
TUESDAY 14 JANUARY,Train,9:48,12:30,0:30,=(D230-C230)-E230
TUESDAY 14 JANUARY,Work,12:30,17:19,0:30,=(D231-C231)-E231
TUESDAY 14 JANUARY,Train,17:19,20:43,0:30,=(D232-C232)-E232,=SUM(F229:F232),=SUM(F223:F232)*24
WEDNESDAY 15 JANUARY,Work,8:49,16:44,0:30,=(D233-C233)-E233,=SUM(F233:F233)
THURSDAY 16 JANUARY,Work,9:53,17:18,0:30,=(D234-C234)-E234,=SUM(F234:F234)
FRIDAY 17 JANUARY,Work,8:59,16:20,0:30,=(D235-C235)-E235,=SUM(F235:F235)
Thursday 18 January,,,,,=(D236-C236)-E236,=SUM(F235:F235)
Friday 19 January,,,,,=(D237-C237)-E237,=SUM(F235:F236)
MONDAY 20 JANUARY,Work,8:53,17:06,0:30,=(D238-C238)-E238,=SUM(F238:F238)
TUESDAY 21 JANUARY,Work,9:01,12:36,0:30,=(D239-C239)-E239,=SUM(F239:F239),=SUM(F233:F239)*24
WEDNESDAY 22 JANUARY,Work,9:01,12:36,0:30,=(D240-C240)-E240
WEDNESDAY 22 JANUARY,Work,8:15,17:30,0:30,=(D241-C241)-E241,=SUM(F240:F241)
THURSDAY 23 JANUARY,Work,8:26,14:10,0:30,=(D242-C242)-E242
THURSDAY 23 JANUARY,Train,14:10,15:30,0:30,=(D243-C243)-E243
THURSDAY 23 JANUARY,Bus,15:30,18:48,0:30,=(D244-C244)-E244,=SUM(F242:F244)
FRIDAY 24 JANUARY,Work,8:40,17:26,0:30,=(D245-C245)-E245,=SUM(F245:F245)
Thursday 25 January,,,,,=(D246-C246)-E246,=SUM(F245:F245)
Friday 26 January,,,,,=(D247-C247)-E247,=SUM(F245:F246)
MONDAY 27 JANUARY,Work,8:52,17:06,0:30,=(D248-C248)-E248,=SUM(F248:F248)
TUESDAY 28 JANUARY,Work,6:00,9:19,0:30,=(D249-C249)-E249
TUESDAY 28 JANUARY,Train,9:19,16:50,0:30,=(D250-C250)-E250
TUESDAY 28 JANUARY,Bus,16:50,20:56,0:30,=(D251-C251)-E251,=SUM(F249:F251),=SUM(F240:F251)*24
WEDNESDAY 29 JANUARY,Work,8:58,16:27,0:30,=(D252-C252)-E252
WEDNESDAY 29 JANUARY,Work,20:30,22:12,0:30,=(D253-C253)-E253,=SUM(F252:F253)
THURSDAY 30 JANUARY,Work,8:46,14:45,0:30,=(D254-C254)-E254,=SUM(F254:F254)
Wednesday 31 January,,,,,=(D255-C255)-E255,=SUM(F254:F254)
Thursday 1 February,,,,,=(D256-C256)-E256,=SUM(F254:F255)
Friday 2 February,,,,,=(D257-C257)-E257,=SUM(F254:F256)
MONDAY 3 FEBRUARY,Work,8:43,17:13,0:30,=(D258-C258)-E258,=SUM(F258:F258)
TUESDAY 4 FEBRUARY,Work,8:16,17:13,0:30,=(D259-C259)-E259,=SUM(F259:F259),=SUM(F252:F259)*24
WEDNESDAY 5 FEBRUARY,Work,8:45,17:58,0:30,=(D260-C260)-E260,=SUM(F260:F260)
THURSDAY 6 FEBRUARY,Work,8:41,17:00,0:30,=(D261-C261)-E261,=SUM(F261:F261)
FRIDAY 7 FEBRUARY,Work,8:44,17:13,0:30,=(D262-C262)-E262,=SUM(F262:F262)
Thursday 8 February,,,,,=(D263-C263)-E263,=SUM(F262:F262)
Friday 9 February,,,,,=(D264-C264)-E264,=SUM(F262:F263)
MONDAY 10 FEBRUARY,Work,8:47,17:22,0:30,=(D265-C265)-E265,=SUM(F265:F265)
TUESDAY 11 FEBRUARY,Work,8:45,17:12,0:30,=(D266-C266)-E266,=SUM(F266:F266),=SUM(F260:F266)*24
WEDNESDAY 12 FEBRUARY,Work,8:51,16:19,0:30,=(D267-C267)-E267,=SUM(F267:F267)
THURSDAY 13 FEBRUARY,Work,8:33,17:11,0:30,=(D268-C268)-E268
THURSDAY 13 FEBRUARY,Work,19:00,20:00,0:30,=(D269-C269)-E269,=SUM(F268:F269)
FRIDAY 14 FEBRUARY,Work,8:27,17:02,0:30,=(D270-C270)-E270,=SUM(F270:F270)
Thursday 15 February,,,,,=(D271-C271)-E271,=SUM(F270:F270)
Friday 16 February,,,,,=(D272-C272)-E272,=SUM(F270:F271)
Saturday 17 February,,,,,=(D273-C273)-E273,=SUM(F270:F272)
Sunday 18 February,,,,,=(D274-C274)-E274,=SUM(F270:F273)
Monday 19 February,,,,,=(D275-C275)-E275,=SUM(F270:F274)
THURSDAY 20 FEBRUARY,Work,9:06,16:57,0:30,=(D276-C276)-E276,=SUM(F276:F276)
FRIDAY 21 FEBRUARY,Work,9:04,15:10,0:30,=(D277-C277)-E277,=SUM(F277:F277)
Thursday 22 February,,,,,=(D278-C278)-E278,=SUM(F277:F277)
SUNDAY 23 FEBRUARY,Work,10:22,11:38,0:30,=(D279-C279)-E279,=SUM(F279:F279)
MONDAY 24 FEBRUARY,Work,8:47,17:30,0:30,=(D280-C280)-E280,=SUM(F280:F280)
TUESDAY 25 FEBRUARY,Work,8:42,17:21,0:30,=(D281-C281)-E281,=SUM(F281:F281),=SUM(F267:F281)*24
WEDNESDAY 26 FEBRUARY,Work,8:50,17:11,0:30,=(D282-C282)-E282,=SUM(F282:F282)
THURSDAY 27 FEBRUARY,Work,8:46,17:38,0:30,=(D283-C283)-E283,=SUM(F283:F283)
Wednesday 28 February,,,,,=(D284-C284)-E284,=SUM(F283:F283)
Thursday 29 February,,,,,=(D285-C285)-E285,=SUM(F283:F284)
Friday 1 March,,,,,=(D286-C286)-E286,=SUM(F283:F285)
Saturday 2 March,,,,,=(D287-C287)-E287,=SUM(F283:F286)
MONDAY 3 MARCH,Work,8:53,17:33,0:30,=(D288-C288)-E288,=SUM(F288:F288),=SUM(F282:F288)*24
TUESDAY 4 MARCH,Work,8:49,17:26,0:30,=(D289-C289)-E289,=SUM(F289:F289)
WEDNESDAY 5 MARCH,Work,8:57,18:21,0:30,=(D290-C290)-E290,=SUM(F290:F290)
THURSDAY 6 MARCH,Work,8:25,17:24,0:30,=(D291-C291)-E291,=SUM(F291:F291)
FRIDAY 7 MARCH,Work,8:43,17:29,0:30,=(D292-C292)-E292,=SUM(F292:F292)
Friday 8 March,,,,,=(D293-C293)-E293,=SUM(F292:F292)
Saturday 9 March,,,,,=(D294-C294)-E294,=SUM(F292:F293)
MONDAY 10 MARCH,Work,8:45,17:23,0:30,=(D295-C295)-E295,=SUM(F295:F295),=SUM(F289:F295)*24
TUESDAY 11 MARCH,Bus,7:00,16:59,0:30,=(D296-C296)-E296
TUESDAY 11 MARCH,Car,16:59,20:10,0:30,=(D297-C297)-E297Main method executed successfully.
]]></system-out>
    <system-err><![CDATA[line 3:0 extraneous input '\r\n' expecting {<EOF>, SimpleValue, QuotedValue}
line 7:0 extraneous input '\r\n' expecting {<EOF>, SimpleValue, QuotedValue}
line 11:0 extraneous input '\r\n' expecting {<EOF>, SimpleValue, QuotedValue}
line 16:0 extraneous input '\r\n' expecting {<EOF>, SimpleValue, QuotedValue}
line 20:0 extraneous input '\r\n' expecting {<EOF>, SimpleValue, QuotedValue}
line 24:0 extraneous input '\r\n' expecting {<EOF>, SimpleValue, QuotedValue}
line 27:0 extraneous input '\r\n' expecting {<EOF>, SimpleValue, QuotedValue}
line 30:0 extraneous input '\r\n' expecting {<EOF>, SimpleValue, QuotedValue}
line 34:0 extraneous input '\r\n' expecting {<EOF>, SimpleValue, QuotedValue}
line 39:0 extraneous input '\r\n' expecting {<EOF>, SimpleValue, QuotedValue}
line 43:0 extraneous input '\r\n' expecting {<EOF>, SimpleValue, QuotedValue}
line 47:0 extraneous input '\r\n' expecting {<EOF>, SimpleValue, QuotedValue}
line 51:0 extraneous input '\r\n' expecting {<EOF>, SimpleValue, QuotedValue}
line 54:0 extraneous input '\r\n' expecting {<EOF>, SimpleValue, QuotedValue}
line 57:0 extraneous input '\r\n' expecting {<EOF>, SimpleValue, QuotedValue}
line 61:0 extraneous input '\r\n' expecting {<EOF>, SimpleValue, QuotedValue}
line 65:0 extraneous input '\r\n' expecting {<EOF>, SimpleValue, QuotedValue}
line 69:0 extraneous input '\r\n' expecting {<EOF>, SimpleValue, QuotedValue}
line 73:0 extraneous input '\r\n' expecting {<EOF>, SimpleValue, QuotedValue}
line 77:0 extraneous input '\r\n' expecting {<EOF>, SimpleValue, QuotedValue}
line 80:0 extraneous input '\r\n' expecting {<EOF>, SimpleValue, QuotedValue}
line 83:0 extraneous input '\r\n' expecting {<EOF>, SimpleValue, QuotedValue}
line 87:0 extraneous input '\r\n' expecting {<EOF>, SimpleValue, QuotedValue}
line 91:0 extraneous input '\r\n' expecting {<EOF>, SimpleValue, QuotedValue}
line 95:0 extraneous input '\r\n' expecting {<EOF>, SimpleValue, QuotedValue}
line 100:0 extraneous input '\r\n' expecting {<EOF>, SimpleValue, QuotedValue}
line 104:0 extraneous input '\r\n' expecting {<EOF>, SimpleValue, QuotedValue}
line 108:0 extraneous input '\r\n' expecting {<EOF>, SimpleValue, QuotedValue}
line 112:0 extraneous input '\r\n' expecting {<EOF>, SimpleValue, QuotedValue}
line 116:0 extraneous input '\r\n' expecting {<EOF>, SimpleValue, QuotedValue}
line 120:0 extraneous input '\r\n' expecting {<EOF>, SimpleValue, QuotedValue}
line 124:0 extraneous input '\r\n' expecting {<EOF>, SimpleValue, QuotedValue}
line 128:0 extraneous input '\r\n' expecting {<EOF>, SimpleValue, QuotedValue}
line 132:0 extraneous input '\r\n' expecting {<EOF>, SimpleValue, QuotedValue}
line 135:0 extraneous input '\r\n' expecting {<EOF>, SimpleValue, QuotedValue}
line 138:0 extraneous input '\r\n' expecting {<EOF>, SimpleValue, QuotedValue}
line 142:0 extraneous input '\r\n' expecting {<EOF>, SimpleValue, QuotedValue}
line 146:0 extraneous input '\r\n' expecting {<EOF>, SimpleValue, QuotedValue}
line 150:0 extraneous input '\r\n' expecting {<EOF>, SimpleValue, QuotedValue}
line 154:0 extraneous input '\r\n' expecting {<EOF>, SimpleValue, QuotedValue}
line 158:0 extraneous input '\r\n' expecting {<EOF>, SimpleValue, QuotedValue}
line 161:0 extraneous input '\r\n' expecting {<EOF>, SimpleValue, QuotedValue}
line 164:0 extraneous input '\r\n' expecting {<EOF>, SimpleValue, QuotedValue}
line 168:0 extraneous input '\r\n' expecting {<EOF>, SimpleValue, QuotedValue}
line 172:0 extraneous input '\r\n' expecting {<EOF>, SimpleValue, QuotedValue}
line 177:0 extraneous input '\r\n' expecting {<EOF>, SimpleValue, QuotedValue}
line 181:0 extraneous input '\r\n' expecting {<EOF>, SimpleValue, QuotedValue}
line 185:0 extraneous input '\r\n' expecting {<EOF>, SimpleValue, QuotedValue}
line 188:0 extraneous input '\r\n' expecting {<EOF>, SimpleValue, QuotedValue}
line 191:0 extraneous input '\r\n' expecting {<EOF>, SimpleValue, QuotedValue}
line 195:0 extraneous input '\r\n' expecting {<EOF>, SimpleValue, QuotedValue}
line 199:0 extraneous input '\r\n' expecting {<EOF>, SimpleValue, QuotedValue}
line 203:0 extraneous input '\r\n' expecting {<EOF>, SimpleValue, QuotedValue}
line 207:0 extraneous input '\r\n' expecting {<EOF>, SimpleValue, QuotedValue}
line 211:0 extraneous input '\r\n' expecting {<EOF>, SimpleValue, QuotedValue}
line 214:0 extraneous input '\r\n' expecting {<EOF>, SimpleValue, QuotedValue}
line 217:0 extraneous input '\r\n' expecting {<EOF>, SimpleValue, QuotedValue}
line 220:0 extraneous input '\r\n' expecting {<EOF>, SimpleValue, QuotedValue}
line 223:0 extraneous input '\r\n' expecting {<EOF>, SimpleValue, QuotedValue}
line 226:0 extraneous input '\r\n' expecting {<EOF>, SimpleValue, QuotedValue}
line 229:0 extraneous input '\r\n' expecting {<EOF>, SimpleValue, QuotedValue}
line 232:0 extraneous input '\r\n' expecting {<EOF>, SimpleValue, QuotedValue}
line 235:0 extraneous input '\r\n' expecting {<EOF>, SimpleValue, QuotedValue}
line 238:0 extraneous input '\r\n' expecting {<EOF>, SimpleValue, QuotedValue}
line 241:0 extraneous input '\r\n' expecting {<EOF>, SimpleValue, QuotedValue}
line 244:0 extraneous input '\r\n' expecting {<EOF>, SimpleValue, QuotedValue}
line 247:0 extraneous input '\r\n' expecting {<EOF>, SimpleValue, QuotedValue}
line 250:0 extraneous input '\r\n' expecting {<EOF>, SimpleValue, QuotedValue}
line 253:0 extraneous input '\r\n' expecting {<EOF>, SimpleValue, QuotedValue}
line 256:0 extraneous input '\r\n' expecting {<EOF>, SimpleValue, QuotedValue}
line 259:0 extraneous input '\r\n' expecting {<EOF>, SimpleValue, QuotedValue}
line 262:0 extraneous input '\r\n' expecting {<EOF>, SimpleValue, QuotedValue}
line 265:0 extraneous input '\r\n' expecting {<EOF>, SimpleValue, QuotedValue}
line 268:0 extraneous input '\r\n' expecting {<EOF>, SimpleValue, QuotedValue}
line 271:0 extraneous input '\r\n' expecting {<EOF>, SimpleValue, QuotedValue}
line 274:0 extraneous input '\r\n' expecting {<EOF>, SimpleValue, QuotedValue}
line 277:0 extraneous input '\r\n' expecting {<EOF>, SimpleValue, QuotedValue}
line 280:0 extraneous input '\r\n' expecting {<EOF>, SimpleValue, QuotedValue}
line 283:0 extraneous input '\r\n' expecting {<EOF>, SimpleValue, QuotedValue}
line 286:0 extraneous input '\r\n' expecting {<EOF>, SimpleValue, QuotedValue}
line 289:0 extraneous input '\r\n' expecting {<EOF>, SimpleValue, QuotedValue}
line 292:0 extraneous input '\r\n' expecting {<EOF>, SimpleValue, QuotedValue}
line 295:0 extraneous input '\r\n' expecting {<EOF>, SimpleValue, QuotedValue}
line 298:0 extraneous input '\r\n' expecting {<EOF>, SimpleValue, QuotedValue}
line 301:0 extraneous input '\r\n' expecting {<EOF>, SimpleValue, QuotedValue}
line 304:0 extraneous input '\r\n' expecting {<EOF>, SimpleValue, QuotedValue}
line 307:0 extraneous input '\r\n' expecting {<EOF>, SimpleValue, QuotedValue}
line 310:0 extraneous input '\r\n' expecting {<EOF>, SimpleValue, QuotedValue}
line 313:0 extraneous input '\r\n' expecting {<EOF>, SimpleValue, QuotedValue}
line 316:0 extraneous input '\r\n' expecting {<EOF>, SimpleValue, QuotedValue}
line 319:0 extraneous input '\r\n' expecting {<EOF>, SimpleValue, QuotedValue}
line 322:0 extraneous input '\r\n' expecting {<EOF>, SimpleValue, QuotedValue}
line 326:0 extraneous input '\r\n' expecting {<EOF>, SimpleValue, QuotedValue}
line 330:0 extraneous input '\r\n' expecting {<EOF>, SimpleValue, QuotedValue}
line 334:0 extraneous input '\r\n' expecting {<EOF>, SimpleValue, QuotedValue}
line 338:0 extraneous input '\r\n' expecting {<EOF>, SimpleValue, QuotedValue}
line 342:0 extraneous input '\r\n' expecting {<EOF>, SimpleValue, QuotedValue}
line 345:0 extraneous input '\r\n' expecting {<EOF>, SimpleValue, QuotedValue}
line 348:0 extraneous input '\r\n' expecting {<EOF>, SimpleValue, QuotedValue}
line 352:0 extraneous input '\r\n' expecting {<EOF>, SimpleValue, QuotedValue}
line 356:0 extraneous input '\r\n' expecting {<EOF>, SimpleValue, QuotedValue}
line 360:0 extraneous input '\r\n' expecting {<EOF>, SimpleValue, QuotedValue}
line 365:0 extraneous input '\r\n' expecting {<EOF>, SimpleValue, QuotedValue}
line 370:0 extraneous input '\r\n' expecting {<EOF>, SimpleValue, QuotedValue}
line 373:0 extraneous input '\r\n' expecting {<EOF>, SimpleValue, QuotedValue}
line 376:0 extraneous input '\r\n' expecting {<EOF>, SimpleValue, QuotedValue}
line 380:0 extraneous input '\r\n' expecting {<EOF>, SimpleValue, QuotedValue}
line 384:0 extraneous input '\r\n' expecting {<EOF>, SimpleValue, QuotedValue}
line 389:0 extraneous input '\r\n' expecting {<EOF>, SimpleValue, QuotedValue}
line 393:0 extraneous input '\r\n' expecting {<EOF>, SimpleValue, QuotedValue}
line 396:0 extraneous input '\r\n' expecting {<EOF>, SimpleValue, QuotedValue}
line 399:0 extraneous input '\r\n' expecting {<EOF>, SimpleValue, QuotedValue}
line 402:0 extraneous input '\r\n' expecting {<EOF>, SimpleValue, QuotedValue}
line 406:0 extraneous input '\r\n' expecting {<EOF>, SimpleValue, QuotedValue}
line 410:0 extraneous input '\r\n' expecting {<EOF>, SimpleValue, QuotedValue}
line 414:0 extraneous input '\r\n' expecting {<EOF>, SimpleValue, QuotedValue}
line 418:0 extraneous input '\r\n' expecting {<EOF>, SimpleValue, QuotedValue}
line 421:0 extraneous input '\r\n' expecting {<EOF>, SimpleValue, QuotedValue}
line 424:0 extraneous input '\r\n' expecting {<EOF>, SimpleValue, QuotedValue}
line 427:0 extraneous input '\r\n' expecting {<EOF>, SimpleValue, QuotedValue}
line 431:0 extraneous input '\r\n' expecting {<EOF>, SimpleValue, QuotedValue}
line 435:0 extraneous input '\r\n' expecting {<EOF>, SimpleValue, QuotedValue}
line 439:0 extraneous input '\r\n' expecting {<EOF>, SimpleValue, QuotedValue}
line 443:0 extraneous input '\r\n' expecting {<EOF>, SimpleValue, QuotedValue}
line 447:0 extraneous input '\r\n' expecting {<EOF>, SimpleValue, QuotedValue}
line 450:0 extraneous input '\r\n' expecting {<EOF>, SimpleValue, QuotedValue}
line 453:0 extraneous input '\r\n' expecting {<EOF>, SimpleValue, QuotedValue}
line 457:0 extraneous input '\r\n' expecting {<EOF>, SimpleValue, QuotedValue}
line 461:0 extraneous input '\r\n' expecting {<EOF>, SimpleValue, QuotedValue}
line 465:0 extraneous input '\r\n' expecting {<EOF>, SimpleValue, QuotedValue}
line 469:0 extraneous input '\r\n' expecting {<EOF>, SimpleValue, QuotedValue}
line 473:0 extraneous input '\r\n' expecting {<EOF>, SimpleValue, QuotedValue}
line 476:0 extraneous input '\r\n' expecting {<EOF>, SimpleValue, QuotedValue}
line 479:0 extraneous input '\r\n' expecting {<EOF>, SimpleValue, QuotedValue}
line 483:0 extraneous input '\r\n' expecting {<EOF>, SimpleValue, QuotedValue}
line 487:0 extraneous input '\r\n' expecting {<EOF>, SimpleValue, QuotedValue}
line 492:0 extraneous input '\r\n' expecting {<EOF>, SimpleValue, QuotedValue}
line 495:0 extraneous input '\r\n' expecting {<EOF>, SimpleValue, QuotedValue}
line 499:0 extraneous input '\r\n' expecting {<EOF>, SimpleValue, QuotedValue}
line 502:0 extraneous input '\r\n' expecting {<EOF>, SimpleValue, QuotedValue}
line 505:0 extraneous input '\r\n' expecting {<EOF>, SimpleValue, QuotedValue}
line 510:0 extraneous input '\r\n' expecting {<EOF>, SimpleValue, QuotedValue}
line 515:0 extraneous input '\r\n' expecting {<EOF>, SimpleValue, QuotedValue}
line 519:0 extraneous input '\r\n' expecting {<EOF>, SimpleValue, QuotedValue}
line 523:0 extraneous input '\r\n' expecting {<EOF>, SimpleValue, QuotedValue}
line 526:0 extraneous input '\r\n' expecting {<EOF>, SimpleValue, QuotedValue}
line 529:0 extraneous input '\r\n' expecting {<EOF>, SimpleValue, QuotedValue}
line 532:0 extraneous input '\r\n' expecting {<EOF>, SimpleValue, QuotedValue}
line 536:0 extraneous input '\r\n' expecting {<EOF>, SimpleValue, QuotedValue}
line 540:0 extraneous input '\r\n' expecting {<EOF>, SimpleValue, QuotedValue}
line 544:0 extraneous input '\r\n' expecting {<EOF>, SimpleValue, QuotedValue}
line 548:0 extraneous input '\r\n' expecting {<EOF>, SimpleValue, QuotedValue}
line 552:0 extraneous input '\r\n' expecting {<EOF>, SimpleValue, QuotedValue}
line 555:0 extraneous input '\r\n' expecting {<EOF>, SimpleValue, QuotedValue}
line 558:0 extraneous input '\r\n' expecting {<EOF>, SimpleValue, QuotedValue}
line 563:0 extraneous input '\r\n' expecting {<EOF>, SimpleValue, QuotedValue}
line 566:0 extraneous input '\r\n' expecting {<EOF>, SimpleValue, QuotedValue}
line 569:0 extraneous input '\r\n' expecting {<EOF>, SimpleValue, QuotedValue}
line 572:0 extraneous input '\r\n' expecting {<EOF>, SimpleValue, QuotedValue}
line 575:0 extraneous input '\r\n' expecting {<EOF>, SimpleValue, QuotedValue}
line 578:0 extraneous input '\r\n' expecting {<EOF>, SimpleValue, QuotedValue}
line 581:0 extraneous input '\r\n' expecting {<EOF>, SimpleValue, QuotedValue}
line 585:0 extraneous input '\r\n' expecting {<EOF>, SimpleValue, QuotedValue}
line 589:0 extraneous input '\r\n' expecting {<EOF>, SimpleValue, QuotedValue}
line 593:0 extraneous input '\r\n' expecting {<EOF>, SimpleValue, QuotedValue}
line 597:0 extraneous input '\r\n' expecting {<EOF>, SimpleValue, QuotedValue}
line 601:0 extraneous input '\r\n' expecting {<EOF>, SimpleValue, QuotedValue}
line 604:0 extraneous input '\r\n' expecting {<EOF>, SimpleValue, QuotedValue}
line 607:0 extraneous input '\r\n' expecting {<EOF>, SimpleValue, QuotedValue}
line 611:0 extraneous input '\r\n' expecting {<EOF>, SimpleValue, QuotedValue}
line 615:0 extraneous input '\r\n' expecting {<EOF>, SimpleValue, QuotedValue}
line 620:0 extraneous input '\r\n' expecting {<EOF>, SimpleValue, QuotedValue}
line 624:0 extraneous input '\r\n' expecting {<EOF>, SimpleValue, QuotedValue}
line 628:0 extraneous input '\r\n' expecting {<EOF>, SimpleValue, QuotedValue}
line 631:0 extraneous input '\r\n' expecting {<EOF>, SimpleValue, QuotedValue}
line 634:0 extraneous input '\r\n' expecting {<EOF>, SimpleValue, QuotedValue}
line 638:0 extraneous input '\r\n' expecting {<EOF>, SimpleValue, QuotedValue}
line 642:0 extraneous input '\r\n' expecting {<EOF>, SimpleValue, QuotedValue}
line 646:0 extraneous input '\r\n' expecting {<EOF>, SimpleValue, QuotedValue}
line 650:0 extraneous input '\r\n' expecting {<EOF>, SimpleValue, QuotedValue}
line 653:0 extraneous input '\r\n' expecting {<EOF>, SimpleValue, QuotedValue}
line 656:0 extraneous input '\r\n' expecting {<EOF>, SimpleValue, QuotedValue}
line 659:0 extraneous input '\r\n' expecting {<EOF>, SimpleValue, QuotedValue}
line 665:0 extraneous input '\r\n' expecting {<EOF>, SimpleValue, QuotedValue}
line 669:0 extraneous input '\r\n' expecting {<EOF>, SimpleValue, QuotedValue}
line 673:0 extraneous input '\r\n' expecting {<EOF>, SimpleValue, QuotedValue}
line 677:0 extraneous input '\r\n' expecting {<EOF>, SimpleValue, QuotedValue}
line 681:0 extraneous input '\r\n' expecting {<EOF>, SimpleValue, QuotedValue}
line 684:0 extraneous input '\r\n' expecting {<EOF>, SimpleValue, QuotedValue}
line 687:0 extraneous input '\r\n' expecting {<EOF>, SimpleValue, QuotedValue}
line 691:0 extraneous input '\r\n' expecting {<EOF>, SimpleValue, QuotedValue}
line 695:0 extraneous input '\r\n' expecting {<EOF>, SimpleValue, QuotedValue}
line 699:0 extraneous input '\r\n' expecting {<EOF>, SimpleValue, QuotedValue}
line 703:0 extraneous input '\r\n' expecting {<EOF>, SimpleValue, QuotedValue}
line 707:0 extraneous input '\r\n' expecting {<EOF>, SimpleValue, QuotedValue}
line 710:0 extraneous input '\r\n' expecting {<EOF>, SimpleValue, QuotedValue}
line 713:0 extraneous input '\r\n' expecting {<EOF>, SimpleValue, QuotedValue}
line 717:0 extraneous input '\r\n' expecting {<EOF>, SimpleValue, QuotedValue}
line 721:0 extraneous input '\r\n' expecting {<EOF>, SimpleValue, QuotedValue}
line 725:0 extraneous input '\r\n' expecting {<EOF>, SimpleValue, QuotedValue}
line 729:0 extraneous input '\r\n' expecting {<EOF>, SimpleValue, QuotedValue}
line 733:0 extraneous input '\r\n' expecting {<EOF>, SimpleValue, QuotedValue}
line 736:0 extraneous input '\r\n' expecting {<EOF>, SimpleValue, QuotedValue}
line 739:0 extraneous input '\r\n' expecting {<EOF>, SimpleValue, QuotedValue}
line 742:0 extraneous input '\r\n' expecting {<EOF>, SimpleValue, QuotedValue}
line 745:0 extraneous input '\r\n' expecting {<EOF>, SimpleValue, QuotedValue}
line 748:0 extraneous input '\r\n' expecting {<EOF>, SimpleValue, QuotedValue}
line 751:0 extraneous input '\r\n' expecting {<EOF>, SimpleValue, QuotedValue}
line 754:0 extraneous input '\r\n' expecting {<EOF>, SimpleValue, QuotedValue}
line 757:0 extraneous input '\r\n' expecting {<EOF>, SimpleValue, QuotedValue}
line 760:0 extraneous input '\r\n' expecting {<EOF>, SimpleValue, QuotedValue}
line 763:0 extraneous input '\r\n' expecting {<EOF>, SimpleValue, QuotedValue}
line 766:0 extraneous input '\r\n' expecting {<EOF>, SimpleValue, QuotedValue}
line 769:0 extraneous input '\r\n' expecting {<EOF>, SimpleValue, QuotedValue}
line 773:0 extraneous input '\r\n' expecting {<EOF>, SimpleValue, QuotedValue}
line 778:0 extraneous input '\r\n' expecting {<EOF>, SimpleValue, QuotedValue}
line 781:0 extraneous input '\r\n' expecting {<EOF>, SimpleValue, QuotedValue}
line 784:0 extraneous input '\r\n' expecting {<EOF>, SimpleValue, QuotedValue}
line 788:0 extraneous input '\r\n' expecting {<EOF>, SimpleValue, QuotedValue}
line 792:0 extraneous input '\r\n' expecting {<EOF>, SimpleValue, QuotedValue}
line 796:0 extraneous input '\r\n' expecting {<EOF>, SimpleValue, QuotedValue}
line 800:0 extraneous input '\r\n' expecting {<EOF>, SimpleValue, QuotedValue}
line 804:0 extraneous input '\r\n' expecting {<EOF>, SimpleValue, QuotedValue}
line 807:0 extraneous input '\r\n' expecting {<EOF>, SimpleValue, QuotedValue}
line 810:0 extraneous input '\r\n' expecting {<EOF>, SimpleValue, QuotedValue}
line 814:0 extraneous input '\r\n' expecting {<EOF>, SimpleValue, QuotedValue}
line 821:0 extraneous input '\r\n' expecting {<EOF>, SimpleValue, QuotedValue}
line 825:0 extraneous input '\r\n' expecting {<EOF>, SimpleValue, QuotedValue}
line 829:0 extraneous input '\r\n' expecting {<EOF>, SimpleValue, QuotedValue}
line 833:0 extraneous input '\r\n' expecting {<EOF>, SimpleValue, QuotedValue}
line 836:0 extraneous input '\r\n' expecting {<EOF>, SimpleValue, QuotedValue}
line 839:0 extraneous input '\r\n' expecting {<EOF>, SimpleValue, QuotedValue}
line 843:0 extraneous input '\r\n' expecting {<EOF>, SimpleValue, QuotedValue}
line 847:0 extraneous input '\r\n' expecting {<EOF>, SimpleValue, QuotedValue}
line 852:0 extraneous input '\r\n' expecting {<EOF>, SimpleValue, QuotedValue}
line 858:0 extraneous input '\r\n' expecting {<EOF>, SimpleValue, QuotedValue}
line 862:0 extraneous input '\r\n' expecting {<EOF>, SimpleValue, QuotedValue}
line 865:0 extraneous input '\r\n' expecting {<EOF>, SimpleValue, QuotedValue}
line 868:0 extraneous input '\r\n' expecting {<EOF>, SimpleValue, QuotedValue}
line 872:0 extraneous input '\r\n' expecting {<EOF>, SimpleValue, QuotedValue}
line 878:0 extraneous input '\r\n' expecting {<EOF>, SimpleValue, QuotedValue}
line 883:0 extraneous input '\r\n' expecting {<EOF>, SimpleValue, QuotedValue}
line 887:0 extraneous input '\r\n' expecting {<EOF>, SimpleValue, QuotedValue}
line 890:0 extraneous input '\r\n' expecting {<EOF>, SimpleValue, QuotedValue}
line 893:0 extraneous input '\r\n' expecting {<EOF>, SimpleValue, QuotedValue}
line 896:0 extraneous input '\r\n' expecting {<EOF>, SimpleValue, QuotedValue}
line 900:0 extraneous input '\r\n' expecting {<EOF>, SimpleValue, QuotedValue}
line 904:0 extraneous input '\r\n' expecting {<EOF>, SimpleValue, QuotedValue}
line 908:0 extraneous input '\r\n' expecting {<EOF>, SimpleValue, QuotedValue}
line 912:0 extraneous input '\r\n' expecting {<EOF>, SimpleValue, QuotedValue}
line 916:0 extraneous input '\r\n' expecting {<EOF>, SimpleValue, QuotedValue}
line 919:0 extraneous input '\r\n' expecting {<EOF>, SimpleValue, QuotedValue}
line 922:0 extraneous input '\r\n' expecting {<EOF>, SimpleValue, QuotedValue}
line 926:0 extraneous input '\r\n' expecting {<EOF>, SimpleValue, QuotedValue}
line 930:0 extraneous input '\r\n' expecting {<EOF>, SimpleValue, QuotedValue}
line 934:0 extraneous input '\r\n' expecting {<EOF>, SimpleValue, QuotedValue}
line 939:0 extraneous input '\r\n' expecting {<EOF>, SimpleValue, QuotedValue}
line 943:0 extraneous input '\r\n' expecting {<EOF>, SimpleValue, QuotedValue}
line 946:0 extraneous input '\r\n' expecting {<EOF>, SimpleValue, QuotedValue}
line 949:0 extraneous input '\r\n' expecting {<EOF>, SimpleValue, QuotedValue}
line 952:0 extraneous input '\r\n' expecting {<EOF>, SimpleValue, QuotedValue}
line 955:0 extraneous input '\r\n' expecting {<EOF>, SimpleValue, QuotedValue}
line 958:0 extraneous input '\r\n' expecting {<EOF>, SimpleValue, QuotedValue}
line 962:0 extraneous input '\r\n' expecting {<EOF>, SimpleValue, QuotedValue}
line 966:0 extraneous input '\r\n' expecting {<EOF>, SimpleValue, QuotedValue}
line 969:0 extraneous input '\r\n' expecting {<EOF>, SimpleValue, QuotedValue}
line 973:0 extraneous input '\r\n' expecting {<EOF>, SimpleValue, QuotedValue}
line 977:0 extraneous input '\r\n' expecting {<EOF>, SimpleValue, QuotedValue}
line 981:0 extraneous input '\r\n' expecting {<EOF>, SimpleValue, QuotedValue}
line 985:0 extraneous input '\r\n' expecting {<EOF>, SimpleValue, QuotedValue}
line 989:0 extraneous input '\r\n' expecting {<EOF>, SimpleValue, QuotedValue}
line 992:0 extraneous input '\r\n' expecting {<EOF>, SimpleValue, QuotedValue}
line 995:0 extraneous input '\r\n' expecting {<EOF>, SimpleValue, QuotedValue}
line 998:0 extraneous input '\r\n' expecting {<EOF>, SimpleValue, QuotedValue}
line 1002:0 extraneous input '\r\n' expecting {<EOF>, SimpleValue, QuotedValue}
line 1006:0 extraneous input '\r\n' expecting {<EOF>, SimpleValue, QuotedValue}
line 1010:0 extraneous input '\r\n' expecting {<EOF>, SimpleValue, QuotedValue}
line 1014:0 extraneous input '\r\n' expecting {<EOF>, SimpleValue, QuotedValue}
line 1018:0 extraneous input '\r\n' expecting {<EOF>, SimpleValue, QuotedValue}
line 1021:0 extraneous input '\r\n' expecting {<EOF>, SimpleValue, QuotedValue}
line 1024:0 extraneous input '\r\n' expecting {<EOF>, SimpleValue, QuotedValue}
line 1028:0 extraneous input '\r\n' expecting {<EOF>, SimpleValue, QuotedValue}
line 1033:0 extraneous input '\r\n' expecting {<EOF>, SimpleValue, QuotedValue}
]]></system-err>
  </testcase>
</testsuite>